<?xml version="1.0" encoding="UTF-8"?>
<testng-results skipped="0" failed="0" total="1" passed="1">
  <reporter-output>
  </reporter-output>
  <suite name="Default suite" duration-ms="48368" started-at="2017-10-16T17:50:09Z" finished-at="2017-10-16T17:50:58Z">
    <groups>
    </groups>
    <test name="Default test" duration-ms="48368" started-at="2017-10-16T17:50:09Z" finished-at="2017-10-16T17:50:58Z">
      <class name="com.application.scripts.TC09">
        <test-method status="PASS" signature="suiteFirst(org.testng.ITestContext)[pri:0, instance:com.application.scripts.TC09@7113b13f]" name="suiteFirst" is-config="true" duration-ms="23" started-at="2017-10-16T13:50:09Z" finished-at="2017-10-16T13:50:09Z">
          <params>
            <param index="0">
              <value>
                <![CDATA[org.testng.TestRunner@11389053]]>
              </value>
            </param>
          </params>
          <reporter-output>
          </reporter-output>
        </test-method> <!-- suiteFirst -->
        <test-method status="PASS" signature="first(org.testng.ITestContext)[pri:0, instance:com.application.scripts.TC09@7113b13f]" name="first" is-config="true" duration-ms="0" started-at="2017-10-16T13:50:09Z" finished-at="2017-10-16T13:50:09Z">
          <params>
            <param index="0">
              <value>
                <![CDATA[org.testng.TestRunner@11389053]]>
              </value>
            </param>
          </params>
          <reporter-output>
          </reporter-output>
        </test-method> <!-- first -->
        <test-method status="PASS" signature="firstBeforeClass(org.testng.ITestContext)[pri:0, instance:com.application.scripts.TC09@7113b13f]" name="firstBeforeClass" is-config="true" duration-ms="0" started-at="2017-10-16T13:50:09Z" finished-at="2017-10-16T13:50:09Z">
          <params>
            <param index="0">
              <value>
                <![CDATA[org.testng.TestRunner@11389053]]>
              </value>
            </param>
          </params>
          <reporter-output>
          </reporter-output>
        </test-method> <!-- firstBeforeClass -->
        <test-method status="PASS" signature="reportHeader(java.lang.reflect.Method, org.testng.ITestContext)[pri:0, instance:com.application.scripts.TC09@7113b13f]" name="reportHeader" is-config="true" duration-ms="25909" started-at="2017-10-16T13:50:09Z" finished-at="2017-10-16T13:50:35Z">
          <params>
            <param index="0">
              <value>
                <![CDATA[public void com.application.scripts.TC09.testTC09() throws java.lang.Throwable]]>
              </value>
            </param>
            <param index="1">
              <value>
                <![CDATA[org.testng.TestRunner@11389053]]>
              </value>
            </param>
          </params>
          <reporter-output>
          </reporter-output>
        </test-method> <!-- reportHeader -->
        <test-method status="PASS" signature="testTC09()[pri:0, instance:com.application.scripts.TC09@7113b13f]" name="testTC09" duration-ms="21520" started-at="2017-10-16T13:50:35Z" finished-at="2017-10-16T13:50:57Z">
          <reporter-output>
          </reporter-output>
        </test-method> <!-- testTC09 -->
        <test-method status="PASS" signature="tearDown()[pri:0, instance:com.application.scripts.TC09@7113b13f]" name="tearDown" is-config="true" duration-ms="918" started-at="2017-10-16T13:50:57Z" finished-at="2017-10-16T13:50:58Z">
          <reporter-output>
          </reporter-output>
        </test-method> <!-- tearDown -->
        <test-method status="PASS" signature="close()[pri:0, instance:com.application.scripts.TC09@7113b13f]" name="close" is-config="true" duration-ms="1" started-at="2017-10-16T13:50:58Z" finished-at="2017-10-16T13:50:58Z">
          <reporter-output>
          </reporter-output>
        </test-method> <!-- close -->
        <test-method status="PASS" signature="first1(org.testng.ITestContext)[pri:0, instance:com.application.scripts.TC09@7113b13f]" name="first1" is-config="true" duration-ms="6" started-at="2017-10-16T13:50:58Z" finished-at="2017-10-16T13:50:58Z">
          <params>
            <param index="0">
              <value>
                <![CDATA[org.testng.TestRunner@11389053]]>
              </value>
            </param>
          </params>
          <reporter-output>
          </reporter-output>
        </test-method> <!-- first1 -->
        <test-method status="PASS" signature="tearDownFirefox(org.testng.ITestContext)[pri:0, instance:com.application.scripts.TC09@7113b13f]" name="tearDownFirefox" is-config="true" duration-ms="263" started-at="2017-10-16T13:50:58Z" finished-at="2017-10-16T13:50:58Z">
          <params>
            <param index="0">
              <value>
                <![CDATA[org.testng.TestRunner@11389053]]>
              </value>
            </param>
          </params>
          <reporter-output>
          </reporter-output>
        </test-method> <!-- tearDownFirefox -->
      </class> <!-- com.application.scripts.TC09 -->
    </test> <!-- Default test -->
  </suite> <!-- Default suite -->
</testng-results>
